[debug] [2023-08-16T19:49:42.813Z] ----------------------------------------------------------------------
[debug] [2023-08-16T19:49:42.815Z] Command:       C:\Program Files (x86)\nodejs\node.exe C:\Users\ZAIN\AppData\Roaming\npm\node_modules\firebase-tools\lib\bin\firebase.js init
[debug] [2023-08-16T19:49:42.816Z] CLI Version:   12.4.8
[debug] [2023-08-16T19:49:42.816Z] Platform:      win32
[debug] [2023-08-16T19:49:42.816Z] Node Version:  v18.16.0
[debug] [2023-08-16T19:49:42.817Z] Time:          Thu Aug 17 2023 01:19:42 GMT+0530 (India Standard Time)
[debug] [2023-08-16T19:49:42.817Z] ----------------------------------------------------------------------
[debug] 
[debug] [2023-08-16T19:49:42.824Z] > command requires scopes: ["email","openid","https://www.googleapis.com/auth/cloudplatformprojects.readonly","https://www.googleapis.com/auth/firebase","https://www.googleapis.com/auth/cloud-platform"]
[debug] [2023-08-16T19:49:42.824Z] > authorizing via signed-in user (salihaziyard@gmail.com)
[info] 
     ######## #### ########  ######## ########     ###     ######  ########
     ##        ##  ##     ## ##       ##     ##  ##   ##  ##       ##
     ######    ##  ########  ######   ########  #########  ######  ######
     ##        ##  ##    ##  ##       ##     ## ##     ##       ## ##
     ##       #### ##     ## ######## ########  ##     ##  ######  ########

You're about to initialize a Firebase project in this directory:

  C:\Users\ZAIN\Desktop\weather-app-react

[info] 
=== Project Setup
[info] 
[info] First, let's associate this project directory with a Firebase project.
[info] You can create multiple project aliases by running firebase use --add, 
[info] but for now we'll just set up a default project.
[info] 
[debug] [2023-08-16T19:49:53.330Z] >>> [apiv2][query] GET https://firebase.googleapis.com/v1beta1/projects pageSize=100
[debug] [2023-08-16T19:49:54.523Z] <<< [apiv2][status] GET https://firebase.googleapis.com/v1beta1/projects 200
[debug] [2023-08-16T19:49:54.523Z] <<< [apiv2][body] GET https://firebase.googleapis.com/v1beta1/projects [omitted]
