[debug] [2023-08-16T19:42:01.320Z] ----------------------------------------------------------------------
[debug] [2023-08-16T19:42:01.324Z] Command:       C:\Program Files (x86)\nodejs\node.exe C:\Users\ZAIN\AppData\Roaming\npm\node_modules\firebase-tools\lib\bin\firebase.js init
[debug] [2023-08-16T19:42:01.325Z] CLI Version:   12.4.8
[debug] [2023-08-16T19:42:01.325Z] Platform:      win32
[debug] [2023-08-16T19:42:01.325Z] Node Version:  v18.16.0
[debug] [2023-08-16T19:42:01.327Z] Time:          Thu Aug 17 2023 01:12:01 GMT+0530 (India Standard Time)
[debug] [2023-08-16T19:42:01.327Z] ----------------------------------------------------------------------
[debug] 
[debug] [2023-08-16T19:42:01.340Z] > command requires scopes: ["email","openid","https://www.googleapis.com/auth/cloudplatformprojects.readonly","https://www.googleapis.com/auth/firebase","https://www.googleapis.com/auth/cloud-platform"]
[debug] [2023-08-16T19:42:01.341Z] > authorizing via signed-in user (salihaziyard@gmail.com)
[info] 
     ######## #### ########  ######## ########     ###     ######  ########
     ##        ##  ##     ## ##       ##     ##  ##   ##  ##       ##
     ######    ##  ########  ######   ########  #########  ######  ######
     ##        ##  ##    ##  ##       ##     ## ##     ##       ## ##
     ##       #### ##     ## ######## ########  ##     ##  ######  ########

You're about to initialize a Firebase project in this directory:

  C:\Users\ZAIN\Desktop\weather-app-react

[info] 
=== Project Setup
[info] 
[info] First, let's associate this project directory with a Firebase project.
[info] You can create multiple project aliases by running firebase use --add, 
[info] but for now we'll just set up a default project.
[info] 
[debug] [2023-08-16T19:42:18.288Z] >>> [apiv2][query] GET https://firebase.googleapis.com/v1beta1/projects pageSize=100
[debug] [2023-08-16T19:42:19.965Z] <<< [apiv2][status] GET https://firebase.googleapis.com/v1beta1/projects 200
[debug] [2023-08-16T19:42:19.965Z] <<< [apiv2][body] GET https://firebase.googleapis.com/v1beta1/projects [omitted]
[debug] [2023-08-16T19:47:59.297Z] ----------------------------------------------------------------------
[debug] [2023-08-16T19:47:59.299Z] Command:       C:\Program Files (x86)\nodejs\node.exe C:\Users\ZAIN\AppData\Roaming\npm\node_modules\firebase-tools\lib\bin\firebase.js init
[debug] [2023-08-16T19:47:59.299Z] CLI Version:   12.4.8
[debug] [2023-08-16T19:47:59.300Z] Platform:      win32
[debug] [2023-08-16T19:47:59.300Z] Node Version:  v18.16.0
[debug] [2023-08-16T19:47:59.301Z] Time:          Thu Aug 17 2023 01:17:59 GMT+0530 (India Standard Time)
[debug] [2023-08-16T19:47:59.301Z] ----------------------------------------------------------------------
[debug] 
[debug] [2023-08-16T19:47:59.307Z] > command requires scopes: ["email","openid","https://www.googleapis.com/auth/cloudplatformprojects.readonly","https://www.googleapis.com/auth/firebase","https://www.googleapis.com/auth/cloud-platform"]
[debug] [2023-08-16T19:47:59.307Z] > authorizing via signed-in user (salihaziyard@gmail.com)
[info] 
     ######## #### ########  ######## ########     ###     ######  ########
     ##        ##  ##     ## ##       ##     ##  ##   ##  ##       ##
     ######    ##  ########  ######   ########  #########  ######  ######
     ##        ##  ##    ##  ##       ##     ## ##     ##       ## ##
     ##       #### ##     ## ######## ########  ##     ##  ######  ########

You're about to initialize a Firebase project in this directory:

  C:\Users\ZAIN\Desktop\weather-app-react

[info] 
=== Project Setup
[info] 
[info] First, let's associate this project directory with a Firebase project.
[info] You can create multiple project aliases by running firebase use --add, 
[info] but for now we'll just set up a default project.
[info] 
[debug] [2023-08-16T19:48:20.737Z] >>> [apiv2][query] GET https://firebase.googleapis.com/v1beta1/projects pageSize=100
[debug] [2023-08-16T19:48:21.891Z] <<< [apiv2][status] GET https://firebase.googleapis.com/v1beta1/projects 200
[debug] [2023-08-16T19:48:21.891Z] <<< [apiv2][body] GET https://firebase.googleapis.com/v1beta1/projects [omitted]
